# JRE version: Java(TM) SE Runtime Environment (19.0.2+7) (build 19.0.2+7-44)
# Java VM: Java HotSpot(TM) 64-Bit Server VM (19.0.2+7-44, mixed mode, sharing, tiered, compressed oops, compressed class ptrs, g1 gc, windows-amd64)
GC Precious Log:
 CardTable entry size: 512
 Card Set container configuration: InlinePtr #cards 5 size 8 Array Of Cards #cards 12 size 40 Howl #buckets 4 coarsen threshold 1843 Howl Bitmap #cards 512 size 80 coarsen threshold 460 Card regions per heap region 1 cards per card region 2048
 CPUs: 2 total, 2 available
 Memory: 3911M
 Large Page Support: Disabled
 NUMA Support: Disabled
 Compressed Oops: Enabled (32-bit)
 Heap Region Size: 1M
 Heap Min Capacity: 8M
 Heap Initial Capacity: 62M
 Heap Max Capacity: 978M
 Pre-touch: Disabled
 Parallel Workers: 2
 Concurrent Workers: 1
 Concurrent Refinement Workers: 2
 Periodic GC: Disabled
Heap:
 garbage-first heap   total 63488K, used 6602K [0x00000000c2e00000, 0x0000000100000000)
  region size 1024K, 5 young (5120K), 1 survivors (1024K)
 Metaspace       used 7431K, committed 7680K, reserved 1114112K
  class space    used 784K, committed 896K, reserved 1048576K
GC Heap History (6 events):
Event: 0.674 GC heap before
{Heap before GC invocations=0 (full 0):
 garbage-first heap   total 63488K, used 6144K [0x00000000c2e00000, 0x0000000100000000)
  region size 1024K, 6 young (6144K), 0 survivors (0K)
 Metaspace       used 5057K, committed 5248K, reserved 1114112K
  class space    used 534K, committed 640K, reserved 1048576K
}
Event: 0.684 GC heap after
{Heap after GC invocations=1 (full 0):
 garbage-first heap   total 63488K, used 2009K [0x00000000c2e00000, 0x0000000100000000)
  region size 1024K, 1 young (1024K), 1 survivors (1024K)
 Metaspace       used 5057K, committed 5248K, reserved 1114112K
  class space    used 534K, committed 640K, reserved 1048576K
}
Event: 10.934 GC heap before
{Heap before GC invocations=1 (full 0):
 garbage-first heap   total 63488K, used 8153K [0x00000000c2e00000, 0x0000000100000000)
  region size 1024K, 6 young (6144K), 1 survivors (1024K)
 Metaspace       used 7430K, committed 7680K, reserved 1114112K
  class space    used 784K, committed 896K, reserved 1048576K
}
Event: 10.938 GC heap after
{Heap after GC invocations=2 (full 0):
 garbage-first heap   total 63488K, used 3588K [0x00000000c2e00000, 0x0000000100000000)
  region size 1024K, 1 young (1024K), 1 survivors (1024K)
 Metaspace       used 7430K, committed 7680K, reserved 1114112K
  class space    used 784K, committed 896K, reserved 1048576K
}
Event: 10.979 GC heap before
{Heap before GC invocations=2 (full 0):
 garbage-first heap   total 63488K, used 14852K [0x00000000c2e00000, 0x0000000100000000)
  region size 1024K, 12 young (12288K), 1 survivors (1024K)
 Metaspace       used 7431K, committed 7680K, reserved 1114112K
  class space    used 784K, committed 896K, reserved 1048576K
}
Event: 10.982 GC heap after
{Heap after GC invocations=3 (full 0):
 garbage-first heap   total 63488K, used 3530K [0x00000000c2e00000, 0x0000000100000000)
  region size 1024K, 1 young (1024K), 1 survivors (1024K)
 Metaspace       used 7431K, committed 7680K, reserved 1114112K
  class space    used 784K, committed 896K, reserved 1048576K
}

